10 [140416848717824] INFO perfrun.launcher <> - Launcher main begin
11 [140416848717824] INFO perfrun.launcher <> - MessageCatalogInit finished
11 [140416848717824] INFO perfrun.launcher <> - Launcher instance created
11 [140416848717824] INFO perfrun.launcher <> - argc = 7; cmdline = /opt/intel/oneapi/advisor/2023.0.0/bin64/advixe-runss --ui-output-format xml --ui-output-fd 9 --option-file /home/user8/maheshwari_bhalshankar_parallel/Project_code/profiling/Adivsor/pthread/advisorReport/e000/hs001/config/runss.options 
82 [140416848717824] INFO perfrun.launcher <> - create msngr2::ICliToolContext
82 [140416848717824] INFO perfrun.launcher <> - create file finder object
83 [140416848717824] INFO perfrun.launcher <> - create a result directory: pattern = /home/user8/maheshwari_bhalshankar_parallel/Project_code/profiling/Adivsor/pthread/advisorReport/e000/hs001 pid = 4294967295
85 [140416848717824] INFO perfrun.sdk <> - checked that the directory /home/user8/maheshwari_bhalshankar_parallel/Project_code/profiling/Adivsor/pthread/advisorReport/e000/hs001 is a local directory
85 [140416848717824] INFO perfrun.sdk <> - the directory /home/user8/maheshwari_bhalshankar_parallel/Project_code/profiling/Adivsor/pthread/advisorReport/e000/hs001 is a local directory with FS type ID 1481003842
85 [140416848717824] INFO perfrun.launcher <> - create data directory = /home/user8/maheshwari_bhalshankar_parallel/Project_code/profiling/Adivsor/pthread/advisorReport/e000/hs001/data.0
86 [140416848717824] INFO perfrun.launcher <> - Creating the master collection flag
95 [140416848717824] INFO perfrun.launcher <> - Done creating the master collection flag
112 [140416719525632] INFO perfrun.launcher <> - plugin [remoteplug] was disabled because it doesn't support the given collection type.
112 [140416719525632] INFO perfrun.sdk <> - Allocating TMU :/home/user8/maheshwari_bhalshankar_parallel/Project_code/profiling/Adivsor/pthread/advisorReport/e000/hs001/data.0/systemcollector-97332-shavak.sc
113 [140416719525632] INFO perfrun.launcher <> - plugin [] was disabled because it doesn't support the given collection type.
113 [140416719525632] INFO perfrun.launcher <> - plugin [gpu] was disabled because it doesn't support the given collection type.
113 [140416719525632] INFO perfrun.launcher <> - plugin [] was disabled because it doesn't support the given collection type.
113 [140416719525632] INFO perfrun.launcher <> - plugin [] was disabled because it doesn't support the given collection type.
113 [140416719525632] INFO perfrun.launcher <> - plugin [] was disabled because it doesn't support the given collection type.
113 [140416719525632] INFO perfrun.mrte <> - system-wide mode is 0
113 [140416719525632] INFO perfrun.mrte <> - Getting  mrte profiling environment ...
124 [140416719525632] INFO perfrun.mrte <> - INTEL_MRTE_DATA_DIR=/home/user8/maheshwari_bhalshankar_parallel/Project_code/profiling/Adivsor/pthread/advisorReport/e000/hs001/data.0
124 [140416719525632] INFO perfrun.mrte <> - INTEL_MRTE_HOST_NAME=shavak
124 [140416719525632] INFO perfrun.mrte <> - JAVA_TOOL_OPTIONS=-agentlib:advixe_tpssmrte_javaprof_1.0 -Dsun.boot.library.path=/opt/intel/oneapi/advisor/2023.0.0/lib32/runtime:/opt/intel/oneapi/advisor/2023.0.0/lib64/runtime
124 [140416719525632] INFO perfrun.mrte <> - LD_LIBRARY_PATH=/opt/intel/oneapi/advisor/2023.0.0/lib32/runtime:/opt/intel/oneapi/advisor/2023.0.0/lib64/runtime:/home/apps/spack/opt/spack/linux-centos7-haswell/gcc-4.8.5/gcc-11.2.0-yqde46ks5t2vg2szmjvadwjv6uwmmytl/lib64:/home/apps/spack/opt/spack/linux-centos7-haswell/gcc-4.8.5/gcc-11.2.0-yqde46ks5t2vg2szmjvadwjv6uwmmytl/lib:/home/apps/spack/opt/spack/linux-centos7-haswell/gcc-4.8.5/zstd-1.5.0-wzyweqguutprsdz4y7qo463s6qems3cg/lib:/home/apps/spack/opt/spack/linux-centos7-haswell/gcc-4.8.5/zlib-1.2.11-z6uqlxnwffiyq73uq23w4fyzl5fu5tlk/lib:/home/apps/spack/opt/spack/linux-centos7-haswell/gcc-4.8.5/mpc-1.1.0-eefajary4vqmefc2k7bfctquy35g2ma6/lib:/home/apps/spack/opt/spack/linux-centos7-haswell/gcc-4.8.5/mpfr-4.1.0-pk35h7mmygjfypa6yedvbfhh4hejdjef/lib:/home/apps/spack/opt/spack/linux-centos7-haswell/gcc-4.8.5/gmp-6.2.1-vhuln5lwyeuvyfmgn3mexasvykopasw6/lib:/home/user8/spack/opt/spack/linux-centos7-haswell/gcc-4.8.5/gcc-12.2.0-4u3oxsnbagxwd4vxnypxj3vn2z2qlmuf/lib:/home/user8/spack/opt/spack/linux-centos7-haswell/gcc-4.8.5/gcc-12.2.0-4u3oxsnbagxwd4vxnypxj3vn2z2qlmuf/lib64:/home/user8/spack/opt/spack/linux-centos7-haswell/gcc-4.8.5/gcc-12.2.0-4u3oxsnbagxwd4vxnypxj3vn2z2qlmuf/lib:/home/user8/spack/opt/spack/linux-centos7-haswell/gcc-4.8.5/gcc-12.2.0-4u3oxsnbagxwd4vxnypxj3vn2z2qlmuf/lib64:/home/user8/spack/opt/spack/linux-centos7-haswell/gcc-4.8.5/gcc-12.2.0-4u3oxsnbagxwd4vxnypxj3vn2z2qlmuf/lib:/home/user8/spack/opt/spack/linux-centos7-haswell/gcc-4.8.5/gcc-12.2.0-4u3oxsnbagxwd4vxnypxj3vn2z2qlmuf/lib64:
124 [140416719525632] INFO perfrun.mrte <> - Data directory: /home/user8/maheshwari_bhalshankar_parallel/Project_code/profiling/Adivsor/pthread/advisorReport/e000/hs001/data.0
124 [140416719525632] INFO perfrun.mrte <> - Mrte plugin is initialized
124 [140416719525632] INFO perfrun.launcher <> - plugin [] was disabled because it doesn't support the given collection type.
124 [140416719525632] INFO perfrun.launcher <> - plugin [] was disabled because it doesn't support the given collection type.
124 [140416719525632] INFO perfrun.launcher <> - plugin [] was disabled because it doesn't support the given collection type.
124 [140416719525632] INFO perfrun.launcher <> - plugin [] was disabled because it doesn't support the given collection type.
124 [140416719525632] INFO perfrun.launcher <> - plugin [] was disabled because it doesn't support the given collection type.
124 [140416719525632] INFO perfrun.launcher <> - plugin [] was disabled because it doesn't support the given collection type.
124 [140416719525632] INFO perfrun.launcher <> - plugin [] was disabled because it doesn't support the given collection type.
124 [140416719525632] INFO perfrun.tpss <> - initialize tpss controller
124 [140416719525632] INFO perfrun.tpss <> - configure collection mode: value = cpu:stack
124 [140416719525632] INFO perfrun.tpss <> - default obj-size-min=1024
124 [140416719525632] INFO perfrun.tpss <> - default hash-table-size=0
124 [140416719525632] INFO perfrun.launcher <> - plugin [] was disabled because it doesn't support the given collection type.
124 [140416719525632] INFO perfrun.launcher <> - plugin [] was disabled because it doesn't support the given collection type.
125 [140416719525632] INFO perfrun.launcher <> - plugin [] was disabled because it doesn't support the given collection type.
125 [140416719525632] INFO perfrun.launcher <> - plugin [] was disabled because it doesn't support the given collection type.
125 [140416719525632] INFO perfrun.launcher <> - plugin [] was disabled because it doesn't support the given collection type.
125 [140416719525632] INFO perfrun.launcher <> - plugin [] was disabled because it doesn't support the given collection type.
125 [140416719525632] INFO perfrun.launcher <> - plugin [] was disabled because it doesn't support the given collection type.
125 [140416719525632] INFO perfrun.launcher <> - plugin [] was disabled because it doesn't support the given collection type.
125 [140416719525632] INFO perfrun.launcher <> - plugin [] was disabled because it doesn't support the given collection type.
125 [140416848717824] INFO perfrun.launcher <> - set environment variable: LD_LIBRARY_PATH = /opt/intel/oneapi/advisor/2023.0.0/lib32/runtime:/opt/intel/oneapi/advisor/2023.0.0/lib64/runtime:/home/apps/spack/opt/spack/linux-centos7-haswell/gcc-4.8.5/gcc-11.2.0-yqde46ks5t2vg2szmjvadwjv6uwmmytl/lib64:/home/apps/spack/opt/spack/linux-centos7-haswell/gcc-4.8.5/gcc-11.2.0-yqde46ks5t2vg2szmjvadwjv6uwmmytl/lib:/home/apps/spack/opt/spack/linux-centos7-haswell/gcc-4.8.5/zstd-1.5.0-wzyweqguutprsdz4y7qo463s6qems3cg/lib:/home/apps/spack/opt/spack/linux-centos7-haswell/gcc-4.8.5/zlib-1.2.11-z6uqlxnwffiyq73uq23w4fyzl5fu5tlk/lib:/home/apps/spack/opt/spack/linux-centos7-haswell/gcc-4.8.5/mpc-1.1.0-eefajary4vqmefc2k7bfctquy35g2ma6/lib:/home/apps/spack/opt/spack/linux-centos7-haswell/gcc-4.8.5/mpfr-4.1.0-pk35h7mmygjfypa6yedvbfhh4hejdjef/lib:/home/apps/spack/opt/spack/linux-centos7-haswell/gcc-4.8.5/gmp-6.2.1-vhuln5lwyeuvyfmgn3mexasvykopasw6/lib:/home/user8/spack/opt/spack/linux-centos7-haswell/gcc-4.8.5/gcc-12.2.0-4u3oxsnbagxwd4vxnypxj3vn2z2qlmuf/lib:/home/user8/spack/opt/spack/linux-centos7-haswell/gcc-4.8.5/gcc-12.2.0-4u3oxsnbagxwd4vxnypxj3vn2z2qlmuf/lib64:/home/user8/spack/opt/spack/linux-centos7-haswell/gcc-4.8.5/gcc-12.2.0-4u3oxsnbagxwd4vxnypxj3vn2z2qlmuf/lib:/home/user8/spack/opt/spack/linux-centos7-haswell/gcc-4.8.5/gcc-12.2.0-4u3oxsnbagxwd4vxnypxj3vn2z2qlmuf/lib64:/home/user8/spack/opt/spack/linux-centos7-haswell/gcc-4.8.5/gcc-12.2.0-4u3oxsnbagxwd4vxnypxj3vn2z2qlmuf/lib:/home/user8/spack/opt/spack/linux-centos7-haswell/gcc-4.8.5/gcc-12.2.0-4u3oxsnbagxwd4vxnypxj3vn2z2qlmuf/lib64:
125 [140416848717824] INFO perfrun.launcher <> - set environment variable: INTEL_LIBITTNOTIFY32 = /opt/intel/oneapi/advisor/2023.0.0/lib32/runtime/libittnotify_collector.so
125 [140416848717824] INFO perfrun.launcher <> - set environment variable: INTEL_LIBITTNOTIFY64 = /opt/intel/oneapi/advisor/2023.0.0/lib64/runtime/libittnotify_collector.so
125 [140416848717824] INFO perfrun.launcher <> - set environment variable: INTEL_ITTNOTIFY_GROUPS = 
125 [140416848717824] INFO perfrun.launcher <> - set environment variable: INTEL_JIT_PROFILER32 = /opt/intel/oneapi/advisor/2023.0.0/lib32/runtime/libittnotify_collector.so
125 [140416848717824] INFO perfrun.launcher <> - set environment variable: INTEL_JIT_PROFILER64 = /opt/intel/oneapi/advisor/2023.0.0/lib64/runtime/libittnotify_collector.so
125 [140416848717824] INFO perfrun.launcher <> - set environment variable: OMP_TOOL_LIBRARIES = /opt/intel/oneapi/advisor/2023.0.0/lib32/runtime/libittnotify_collector.so:/opt/intel/oneapi/advisor/2023.0.0/lib64/runtime/libittnotify_collector.so
125 [140416848717824] INFO perfrun.launcher <> - set environment variable: ENABLE_JITPROFILING = 1
125 [140416848717824] INFO perfrun.launcher <> - set environment variable: CL_CONFIG_USE_VTUNE = True
125 [140416848717824] INFO perfrun.launcher <> - set environment variable: KMP_FORKJOIN_FRAMES = 0
125 [140416848717824] INFO perfrun.launcher <> - set environment variable: KMP_FORKJOIN_FRAMES_MODE = 0
126 [140416848717824] INFO perfrun.launcher <> - set environment variable: OMP_TOOL = disabled
126 [140416848717824] INFO perfrun.launcher <> - set environment variable: INTEL_MRTE_DATA_DIR = /home/user8/maheshwari_bhalshankar_parallel/Project_code/profiling/Adivsor/pthread/advisorReport/e000/hs001/data.0
126 [140416848717824] INFO perfrun.launcher <> - set environment variable: INTEL_MRTE_HOST_NAME = shavak
126 [140416848717824] INFO perfrun.launcher <> - set environment variable: JAVA_TOOL_OPTIONS = -agentlib:advixe_tpssmrte_javaprof_1.0 -Dsun.boot.library.path=/opt/intel/oneapi/advisor/2023.0.0/lib32/runtime:/opt/intel/oneapi/advisor/2023.0.0/lib64/runtime
126 [140416848717824] INFO perfrun.launcher <> - set environment variable: LD_LIBRARY_PATH = /opt/intel/oneapi/advisor/2023.0.0/lib32/runtime:/opt/intel/oneapi/advisor/2023.0.0/lib64/runtime:/home/apps/spack/opt/spack/linux-centos7-haswell/gcc-4.8.5/gcc-11.2.0-yqde46ks5t2vg2szmjvadwjv6uwmmytl/lib64:/home/apps/spack/opt/spack/linux-centos7-haswell/gcc-4.8.5/gcc-11.2.0-yqde46ks5t2vg2szmjvadwjv6uwmmytl/lib:/home/apps/spack/opt/spack/linux-centos7-haswell/gcc-4.8.5/zstd-1.5.0-wzyweqguutprsdz4y7qo463s6qems3cg/lib:/home/apps/spack/opt/spack/linux-centos7-haswell/gcc-4.8.5/zlib-1.2.11-z6uqlxnwffiyq73uq23w4fyzl5fu5tlk/lib:/home/apps/spack/opt/spack/linux-centos7-haswell/gcc-4.8.5/mpc-1.1.0-eefajary4vqmefc2k7bfctquy35g2ma6/lib:/home/apps/spack/opt/spack/linux-centos7-haswell/gcc-4.8.5/mpfr-4.1.0-pk35h7mmygjfypa6yedvbfhh4hejdjef/lib:/home/apps/spack/opt/spack/linux-centos7-haswell/gcc-4.8.5/gmp-6.2.1-vhuln5lwyeuvyfmgn3mexasvykopasw6/lib:/home/user8/spack/opt/spack/linux-centos7-haswell/gcc-4.8.5/gcc-12.2.0-4u3oxsnbagxwd4vxnypxj3vn2z2qlmuf/lib:/home/user8/spack/opt/spack/linux-centos7-haswell/gcc-4.8.5/gcc-12.2.0-4u3oxsnbagxwd4vxnypxj3vn2z2qlmuf/lib64:/home/user8/spack/opt/spack/linux-centos7-haswell/gcc-4.8.5/gcc-12.2.0-4u3oxsnbagxwd4vxnypxj3vn2z2qlmuf/lib:/home/user8/spack/opt/spack/linux-centos7-haswell/gcc-4.8.5/gcc-12.2.0-4u3oxsnbagxwd4vxnypxj3vn2z2qlmuf/lib64:/home/user8/spack/opt/spack/linux-centos7-haswell/gcc-4.8.5/gcc-12.2.0-4u3oxsnbagxwd4vxnypxj3vn2z2qlmuf/lib:/home/user8/spack/opt/spack/linux-centos7-haswell/gcc-4.8.5/gcc-12.2.0-4u3oxsnbagxwd4vxnypxj3vn2z2qlmuf/lib64:
126 [140416848717824] INFO perfrun.launcher <> - RpcServer: run RPC server to handle requests
127 [140416848717824] INFO perfrun.launcher <> - Launcher: command line to start before modification = /home/user8/maheshwari_bhalshankar_parallel/Project_code/profiling/Adivsor/pthread/pthread1
127 [140416848717824] INFO perfrun.launcher <> - Launcher: command line to start after modification = /opt/intel/oneapi/advisor/2023.0.0/bin64/pin -error_file /home/user8/maheshwari_bhalshankar_parallel/Project_code/profiling/Adivsor/pthread/advisorReport/e000/hs001/data.0/pinerr.tpsslog -detach_reattach -follow_execv -tool_load_option deepbind -t64 /opt/intel/oneapi/advisor/2023.0.0/lib64/libtpsstool.so -t /opt/intel/oneapi/advisor/2023.0.0/lib32/libtpsstool.so -server_name tpss_ipc.97332 -prd_dir /opt/intel/oneapi/advisor/2023.0.0 -- /home/user8/maheshwari_bhalshankar_parallel/Project_code/profiling/Adivsor/pthread/pthread1
127 [140416848717824] INFO perfrun.launcher <> - ProcessCreator object was created
128 [140416848717824] INFO perfrun.launcher <> - Launcher: the process was started in suspend mode
143 [140416719525632] WARN perfrun.system <> - Could not do anything with /sys/kernel/debug/kvm: boost::filesystem::status: Permission denied: "/sys/kernel/debug/kvm", at file: vcs/perfrun1/plugins/system/src/trace_writer.cpp:787
153 [140416719525632] WARN perfrun.sdk <> - SEP tool is not available, at file: vcs/perfrun1/plugins/pluginsdk/src/device_mapper.cpp:590
153 [140416719525632] WARN perfrun.sdk <> - SEP driver is not available, at file: vcs/perfrun1/plugins/pluginsdk/src/device_mapper.cpp:745
153 [140416719525632] WARN perfrun.sdk <> - amplxe-perf tool is not available, at file: vcs/perfrun1/plugins/pluginsdk/src/device_mapper.cpp:606
153 [140416719525632] WARN perfrun.sdk <> - Device mapping through perf is not available on current kernel, at file: vcs/perfrun1/plugins/pluginsdk/src/device_mapper.cpp:943
157 [140416719525632] WARN perfrun.sdk <> - SEP tool is not available, at file: vcs/perfrun1/plugins/pluginsdk/src/device_mapper.cpp:590
157 [140416719525632] WARN perfrun.sdk <> - SEP driver is not available, at file: vcs/perfrun1/plugins/pluginsdk/src/device_mapper.cpp:745
157 [140416719525632] WARN perfrun.sdk <> - Failed to find xl binary on any of the system paths: /bin, /sbin, /usr/bin, /usr/sbin., at file: vcs/perfrun1/sdk/src/utils.cpp:204
161 [140416719525632] INFO perfrun.vdso <> - Helper runtool '/opt/intel/oneapi/advisor/2023.0.0/bin32/advixe-runss -dump-vdso -r /home/user8/maheshwari_bhalshankar_parallel/Project_code/profiling/Adivsor/pthread/advisorReport/e000/hs001 --tmp-dir /tmp/advixe-tmp-user8' returned 1
321 [140416719525632] INFO perfrun.vdso <> - Helper runtool '/opt/intel/oneapi/advisor/2023.0.0/bin64/advixe-runss -dump-vdso -r /home/user8/maheshwari_bhalshankar_parallel/Project_code/profiling/Adivsor/pthread/advisorReport/e000/hs001 --tmp-dir /tmp/advixe-tmp-user8' returned 0
321 [140416719525632] INFO perfrun.itt <> - start itt controller for pid #97340
322 [140416719525632] INFO perfrun.tpss <> - start tpss controller for pid #97340
372 [140416848717824] INFO perfrun.launcher <> - Launcher: all plugins were started
372 [140416848717824] INFO perfrun.launcher <> - DirectoryMonitor object was created
372 [140416848717824] INFO perfrun.launcher <> - DirectoryMonitor: a callback was added
372 [140416848717824] INFO perfrun.launcher <> - DirectoryMonitor was started with pingTime = 1000
373 [140416848717824] INFO perfrun.launcher <> - DeadlineTimer is going to be constructed
373 [140416848717824] INFO perfrun.launcher <> - DeadlineTimer: a callback was added
377 [140416848717824] INFO perfrun.launcher <> - Launcher: resume the profiled application and  wait its termination or stop command
52555 [140416848717824] INFO perfrun.launcher <> - Launcher: the profiled application was terminated  with exit code = 0
52580 [140416719525632] INFO perfrun.itt <> - detach itt controller
52580 [140416719525632] INFO perfrun.itt <> - detach itt controller done
52580 [140416719525632] INFO perfrun.tpss <> - stop tpss controller
52581 [140416719525632] INFO perfrun.sdk <> - De-allocating TMU: /home/user8/maheshwari_bhalshankar_parallel/Project_code/profiling/Adivsor/pthread/advisorReport/e000/hs001/data.0/systemcollector-97332-shavak.sc
52581 [140416719525632] INFO perfrun.system <> - closed the system trace file: /home/user8/maheshwari_bhalshankar_parallel/Project_code/profiling/Adivsor/pthread/advisorReport/e000/hs001/data.0/systemcollector-97332-shavak.sc
52581 [140416848717824] INFO perfrun.launcher <> - Launcher: all plugins were stopped.
52581 [140416848717824] INFO perfrun.launcher <> - DeadlineTimer is going to be destroyed
52581 [140416848717824] INFO perfrun.launcher <> - DeadlineTimer was destroyed
52581 [140416848717824] INFO perfrun.launcher <> - DirectoryMonitor object was destroyed
52581 [140416848717824] WARN perfrun.launcher <> - Stop command is ignored because it is received when collection is already stopped, at file: vcs/perfrun1/launcher/src/command_handler.cpp:226
52583 [140416848717824] INFO perfrun.launcher <> - Application exit code: 0
52583 [140416848717824] INFO perfrun.launcher <> - Exit code: 0
