<?xml version="1.0" encoding="utf-8"?>
<log version="1.0" tool="runtool">

<msg id="1" tool="runtool">
  <type>log-start</type>
  <arg>2024/08/15 23:57:12</arg>
</msg>
<msg id="2" tool="runtool">
  <type>bandwidth-measurement-starts</type>
</msg>
<msg id="3" tool="runtool">
  <type>bandwidth-measurement-done</type>
</msg>
<msg id="4" tool="runtool">
  <type>collector-starts</type>
</msg>
<msg id="5" tool="runtool">
  <type>marker-file</type>
  <arg>/home/user8/maheshwari_bhalshankar_parallel/Project_code/profiling/Adivsor/pthread/advisorReport/e000/trc000/trc000.advixe</arg>
</msg>
<msg id="6" tool="trc">
  <type>PROCESS_START</type>
  <arg>/home/user8/maheshwari_bhalshankar_parallel/Project_code/profiling/Adivsor/pthread/pthread1</arg>
  <arg>98117</arg>
  <severity>INFO</severity>
  <timestamp>Thu Aug 15 16:27:27 2024</timestamp>
</msg>
<msg id="7" tool="trc">
  <type>PROCESS_ANALYSIS_MODE</type>
  <arg>full</arg>
  <severity>INFO</severity>
  <timestamp>Thu Aug 15 16:27:27 2024</timestamp>
</msg>
<msg id="8" tool="trc">
  <type>LOAD_MODULE</type>
  <arg>/home/user8/maheshwari_bhalshankar_parallel/Project_code/profiling/Adivsor/pthread/pthread1</arg>
  <arg>0x400000</arg>
  <arg>0x6020bf</arg>
  <arg>yes</arg>
  <severity>INFO</severity>
  <timestamp>Thu Aug 15 16:27:27 2024</timestamp>
</msg>
<msg id="9" tool="trc">
  <type>LOAD_MODULE</type>
  <arg>/lib64/ld-linux-x86-64.so.2</arg>
  <arg>0x7fb5992b8000</arg>
  <arg>0x7fb5994db14f</arg>
  <arg>yes</arg>
  <severity>INFO</severity>
  <timestamp>Thu Aug 15 16:27:27 2024</timestamp>
</msg>
<msg id="10" tool="trc">
  <type>LOAD_MODULE</type>
  <arg>[vdso]</arg>
  <arg>0x7ffd6f136000</arg>
  <arg>0x7ffd6f136e6c</arg>
  <arg>no</arg>
  <severity>INFO</severity>
  <timestamp>Thu Aug 15 16:27:27 2024</timestamp>
</msg>
<msg id="11" tool="trc">
  <type>LOAD_MODULE</type>
  <arg>/lib64/libpthread.so.0</arg>
  <arg>0x7fb583350000</arg>
  <arg>0x7fb58356b487</arg>
  <arg>yes</arg>
  <severity>INFO</severity>
  <timestamp>Thu Aug 15 16:27:27 2024</timestamp>
</msg>
<msg id="12" tool="trc">
  <type>LOAD_MODULE</type>
  <arg>/lib64/libm.so.6</arg>
  <arg>0x7fb582fc4000</arg>
  <arg>0x7fb5832c5137</arg>
  <arg>yes</arg>
  <severity>INFO</severity>
  <timestamp>Thu Aug 15 16:27:27 2024</timestamp>
</msg>
<msg id="13" tool="trc">
  <type>LOAD_MODULE</type>
  <arg>/lib64/libc.so.6</arg>
  <arg>0x7fb582bf6000</arg>
  <arg>0x7fb582fc31ff</arg>
  <arg>yes</arg>
  <severity>INFO</severity>
  <timestamp>Thu Aug 15 16:27:27 2024</timestamp>
</msg>
<msg id="14" tool="trc">
  <type>LOAD_MODULE</type>
  <arg>/home/apps/spack/opt/spack/linux-centos7-haswell/gcc-4.8.5/gcc-11.2.0-yqde46ks5t2vg2szmjvadwjv6uwmmytl/lib64/libgcc_s.so.1</arg>
  <arg>0x7fb5613e6000</arg>
  <arg>0x7fb5615fd447</arg>
  <arg>yes</arg>
  <severity>INFO</severity>
  <timestamp>Thu Aug 15 16:29:50 2024</timestamp>
</msg>
<msg id="15" tool="trc">
  <type>UNLOAD_MODULE</type>
  <arg>/home/user8/maheshwari_bhalshankar_parallel/Project_code/profiling/Adivsor/pthread/pthread1</arg>
  <severity>INFO</severity>
  <timestamp>Thu Aug 15 16:30:28 2024</timestamp>
</msg>
<msg id="16" tool="trc">
  <type>UNLOAD_MODULE</type>
  <arg>/lib64/ld-linux-x86-64.so.2</arg>
  <severity>INFO</severity>
  <timestamp>Thu Aug 15 16:30:28 2024</timestamp>
</msg>
<msg id="17" tool="trc">
  <type>UNLOAD_MODULE</type>
  <arg>[vdso]</arg>
  <severity>INFO</severity>
  <timestamp>Thu Aug 15 16:30:28 2024</timestamp>
</msg>
<msg id="18" tool="trc">
  <type>UNLOAD_MODULE</type>
  <arg>/lib64/libpthread.so.0</arg>
  <severity>INFO</severity>
  <timestamp>Thu Aug 15 16:30:28 2024</timestamp>
</msg>
<msg id="19" tool="trc">
  <type>UNLOAD_MODULE</type>
  <arg>/lib64/libm.so.6</arg>
  <severity>INFO</severity>
  <timestamp>Thu Aug 15 16:30:28 2024</timestamp>
</msg>
<msg id="20" tool="trc">
  <type>UNLOAD_MODULE</type>
  <arg>/lib64/libc.so.6</arg>
  <severity>INFO</severity>
  <timestamp>Thu Aug 15 16:30:28 2024</timestamp>
</msg>
<msg id="21" tool="trc">
  <type>UNLOAD_MODULE</type>
  <arg>/home/apps/spack/opt/spack/linux-centos7-haswell/gcc-4.8.5/gcc-11.2.0-yqde46ks5t2vg2szmjvadwjv6uwmmytl/lib64/libgcc_s.so.1</arg>
  <severity>INFO</severity>
  <timestamp>Thu Aug 15 16:30:28 2024</timestamp>
</msg>
<msg id="22" tool="trc">
  <type>PROCESS_FINISH</type>
  <arg>/home/user8/maheshwari_bhalshankar_parallel/Project_code/profiling/Adivsor/pthread/pthread1</arg>
  <arg>98117</arg>
  <arg>0x0</arg>
  <severity>INFO</severity>
  <timestamp>Thu Aug 15 16:30:28 2024</timestamp>
</msg>
<msg id="23" tool="runtool">
  <type>app-exit-code</type>
  <arg>0</arg>
</msg>
<msg id="24" tool="runtool">
  <type>marker-file</type>
  <arg>/home/user8/maheshwari_bhalshankar_parallel/Project_code/profiling/Adivsor/pthread/advisorReport/e000/trc000/trc000.advixe</arg>
</msg>
<msg id="25" tool="runtool">
  <type>collector-done</type>
</msg>
<msg id="26" tool="runtool">
  <type>log-end</type>
  <arg>2024/08/16 00:00:32</arg>
</msg>

</log>

